<?xml version="1.0" encoding="UTF-8"?>
<!-- Generated by org.testng.reporters.JUnitXMLReporter -->
<testsuite hostname="B2ML39194" ignored="0" name="Test" tests="8" failures="0" timestamp="2021-09-30T20:20:59 IST" time="365.747" errors="0">
  <testcase name="saveSearchListView" time="25.856" classname="recaptcha_test.ListView"/>
  <testcase name="HeartIconinListView" time="25.824" classname="recaptcha_test.ListView"/>
  <testcase name="RequestShowing" time="26.162" classname="recaptcha_test.HomeDetailsPage"/>
  <testcase name="SaveHomeInDetailsPage" time="25.818" classname="recaptcha_test.HomeDetailsPage"/>
  <testcase name="RequestMoreInfo" time="25.942" classname="recaptcha_test.HomeDetailsPage"/>
  <testcase name="GoSeeThisHome" time="25.977" classname="recaptcha_test.HomeDetailsPage"/>
  <testcase name="TourThisHomeInHD" time="25.893" classname="recaptcha_test.HomeDetailsPage"/>
  <testcase name="contactAgent" time="25.773" classname="recaptcha_test.AgentWebSite"/>
</testsuite> <!-- Test -->
