<?xml version="1.0" encoding="UTF-8"?>
<!-- Generated by org.testng.reporters.JUnitXMLReporter -->
<testsuite hostname="B2ML39194" ignored="0" name="Test" tests="8" failures="0" timestamp="2021-10-01T00:11:05 IST" time="419.625" errors="0">
  <testcase name="saveSearchListView" time="26.44" classname="recaptcha_test.ListView"/>
  <testcase name="HeartIconinListView" time="27.132" classname="recaptcha_test.ListView"/>
  <testcase name="RequestShowing" time="27.18" classname="recaptcha_test.HomeDetailsPage"/>
  <testcase name="SaveHomeInDetailsPage" time="26.29" classname="recaptcha_test.HomeDetailsPage"/>
  <testcase name="RequestMoreInfo" time="26.304" classname="recaptcha_test.HomeDetailsPage"/>
  <testcase name="GoSeeThisHome" time="26.373" classname="recaptcha_test.HomeDetailsPage"/>
  <testcase name="TourThisHomeInHD" time="26.254" classname="recaptcha_test.HomeDetailsPage"/>
  <testcase name="contactAgent" time="26.075" classname="recaptcha_test.AgentWebSite"/>
</testsuite> <!-- Test -->
