<?xml version="1.0" encoding="UTF-8"?>
<testng-results skipped="0" failed="0" ignored="0" total="8" passed="8">
  <reporter-output>
  </reporter-output>
  <suite name="Suite" duration-ms="419625" started-at="2021-10-01T00:04:05 IST" finished-at="2021-10-01T00:11:05 IST">
    <groups>
    </groups>
    <test name="Test" duration-ms="419625" started-at="2021-10-01T00:04:05 IST" finished-at="2021-10-01T00:11:05 IST">
      <class name="recaptcha_test.AgentWebSite">
        <test-method status="PASS" signature="launchsite(java.lang.String,java.lang.String)[pri:0, instance:recaptcha_test.AgentWebSite@399f45b1]" name="launchsite" is-config="true" duration-ms="2089" started-at="2021-10-01T00:10:18 IST" finished-at="2021-10-01T00:10:20 IST">
          <params>
            <param index="0">
              <value>
                <![CDATA[chrome]]>
              </value>
            </param>
            <param index="1">
              <value>
                <![CDATA[80]]>
              </value>
            </param>
          </params>
          <reporter-output>
          </reporter-output>
        </test-method> <!-- launchsite -->
        <test-method status="PASS" signature="launchAgentWebsite(java.lang.String)[pri:0, instance:recaptcha_test.AgentWebSite@399f45b1]" name="launchAgentWebsite" is-config="true" duration-ms="16627" started-at="2021-10-01T00:10:20 IST" finished-at="2021-10-01T00:10:37 IST">
          <params>
            <param index="0">
              <value>
                <![CDATA[bhgre]]>
              </value>
            </param>
          </params>
          <reporter-output>
          </reporter-output>
        </test-method> <!-- launchAgentWebsite -->
        <test-method status="PASS" signature="contactAgent()[pri:0, instance:recaptcha_test.AgentWebSite@399f45b1]" name="contactAgent" duration-ms="26075" started-at="2021-10-01T00:10:37 IST" finished-at="2021-10-01T00:11:03 IST">
          <reporter-output>
          </reporter-output>
        </test-method> <!-- contactAgent -->
        <test-method status="PASS" signature="tearDown()[pri:0, instance:recaptcha_test.AgentWebSite@399f45b1]" name="tearDown" is-config="true" duration-ms="821" started-at="2021-10-01T00:11:04 IST" finished-at="2021-10-01T00:11:05 IST">
          <reporter-output>
          </reporter-output>
        </test-method> <!-- tearDown -->
      </class> <!-- recaptcha_test.AgentWebSite -->
      <class name="recaptcha_test.ListView">
        <test-method status="PASS" signature="launchsite(java.lang.String,java.lang.String)[pri:0, instance:recaptcha_test.ListView@6572421]" name="launchsite" is-config="true" duration-ms="4791" started-at="2021-10-01T00:04:05 IST" finished-at="2021-10-01T00:04:10 IST">
          <params>
            <param index="0">
              <value>
                <![CDATA[chrome]]>
              </value>
            </param>
            <param index="1">
              <value>
                <![CDATA[80]]>
              </value>
            </param>
          </params>
          <reporter-output>
          </reporter-output>
        </test-method> <!-- launchsite -->
        <test-method status="PASS" signature="launchsite(java.lang.String)[pri:0, instance:recaptcha_test.ListView@6572421]" name="launchsite" is-config="true" duration-ms="22978" started-at="2021-10-01T00:04:10 IST" finished-at="2021-10-01T00:04:33 IST">
          <params>
            <param index="0">
              <value>
                <![CDATA[bhgre]]>
              </value>
            </param>
          </params>
          <reporter-output>
          </reporter-output>
        </test-method> <!-- launchsite -->
        <test-method status="PASS" signature="saveSearchListView()[pri:1, instance:recaptcha_test.ListView@6572421]" name="saveSearchListView" duration-ms="26440" started-at="2021-10-01T00:04:33 IST" finished-at="2021-10-01T00:04:59 IST">
          <reporter-output>
          </reporter-output>
        </test-method> <!-- saveSearchListView -->
        <test-method status="PASS" signature="launchsite(java.lang.String)[pri:0, instance:recaptcha_test.ListView@6572421]" name="launchsite" is-config="true" duration-ms="10906" started-at="2021-10-01T00:05:00 IST" finished-at="2021-10-01T00:05:11 IST">
          <params>
            <param index="0">
              <value>
                <![CDATA[bhgre]]>
              </value>
            </param>
          </params>
          <reporter-output>
          </reporter-output>
        </test-method> <!-- launchsite -->
        <test-method status="PASS" signature="HeartIconinListView()[pri:2, instance:recaptcha_test.ListView@6572421]" name="HeartIconinListView" duration-ms="27132" started-at="2021-10-01T00:05:11 IST" finished-at="2021-10-01T00:05:38 IST">
          <reporter-output>
          </reporter-output>
        </test-method> <!-- HeartIconinListView -->
        <test-method status="PASS" signature="tearDown()[pri:0, instance:recaptcha_test.ListView@6572421]" name="tearDown" is-config="true" duration-ms="922" started-at="2021-10-01T00:05:39 IST" finished-at="2021-10-01T00:05:40 IST">
          <reporter-output>
          </reporter-output>
        </test-method> <!-- tearDown -->
      </class> <!-- recaptcha_test.ListView -->
      <class name="recaptcha_test.HomeDetailsPage">
        <test-method status="PASS" signature="launchsite(java.lang.String,java.lang.String)[pri:0, instance:recaptcha_test.HomeDetailsPage@72d1ad2e]" name="launchsite" is-config="true" duration-ms="2192" started-at="2021-10-01T00:05:40 IST" finished-at="2021-10-01T00:05:42 IST">
          <params>
            <param index="0">
              <value>
                <![CDATA[chrome]]>
              </value>
            </param>
            <param index="1">
              <value>
                <![CDATA[80]]>
              </value>
            </param>
          </params>
          <reporter-output>
          </reporter-output>
        </test-method> <!-- launchsite -->
        <test-method status="PASS" signature="launchsite(java.lang.String)[pri:0, instance:recaptcha_test.HomeDetailsPage@72d1ad2e]" name="launchsite" is-config="true" duration-ms="31926" started-at="2021-10-01T00:05:42 IST" finished-at="2021-10-01T00:06:14 IST">
          <params>
            <param index="0">
              <value>
                <![CDATA[bhgre]]>
              </value>
            </param>
          </params>
          <reporter-output>
          </reporter-output>
        </test-method> <!-- launchsite -->
        <test-method status="PASS" signature="RequestShowing()[pri:1, instance:recaptcha_test.HomeDetailsPage@72d1ad2e]" name="RequestShowing" duration-ms="27180" started-at="2021-10-01T00:06:14 IST" finished-at="2021-10-01T00:06:41 IST">
          <reporter-output>
          </reporter-output>
        </test-method> <!-- RequestShowing -->
        <test-method status="PASS" signature="launchsite(java.lang.String)[pri:0, instance:recaptcha_test.HomeDetailsPage@72d1ad2e]" name="launchsite" is-config="true" duration-ms="31619" started-at="2021-10-01T00:06:42 IST" finished-at="2021-10-01T00:07:13 IST">
          <params>
            <param index="0">
              <value>
                <![CDATA[bhgre]]>
              </value>
            </param>
          </params>
          <reporter-output>
          </reporter-output>
        </test-method> <!-- launchsite -->
        <test-method status="PASS" signature="SaveHomeInDetailsPage()[pri:2, instance:recaptcha_test.HomeDetailsPage@72d1ad2e]" name="SaveHomeInDetailsPage" duration-ms="26290" started-at="2021-10-01T00:07:13 IST" finished-at="2021-10-01T00:07:40 IST">
          <reporter-output>
          </reporter-output>
        </test-method> <!-- SaveHomeInDetailsPage -->
        <test-method status="PASS" signature="launchsite(java.lang.String)[pri:0, instance:recaptcha_test.HomeDetailsPage@72d1ad2e]" name="launchsite" is-config="true" duration-ms="42447" started-at="2021-10-01T00:07:40 IST" finished-at="2021-10-01T00:08:23 IST">
          <params>
            <param index="0">
              <value>
                <![CDATA[bhgre]]>
              </value>
            </param>
          </params>
          <reporter-output>
          </reporter-output>
        </test-method> <!-- launchsite -->
        <test-method status="PASS" signature="RequestMoreInfo()[pri:3, instance:recaptcha_test.HomeDetailsPage@72d1ad2e]" name="RequestMoreInfo" duration-ms="26304" started-at="2021-10-01T00:08:23 IST" finished-at="2021-10-01T00:08:49 IST">
          <reporter-output>
          </reporter-output>
        </test-method> <!-- RequestMoreInfo -->
        <test-method status="PASS" signature="launchsite(java.lang.String)[pri:0, instance:recaptcha_test.HomeDetailsPage@72d1ad2e]" name="launchsite" is-config="true" duration-ms="8497" started-at="2021-10-01T00:08:50 IST" finished-at="2021-10-01T00:08:58 IST">
          <params>
            <param index="0">
              <value>
                <![CDATA[bhgre]]>
              </value>
            </param>
          </params>
          <reporter-output>
          </reporter-output>
        </test-method> <!-- launchsite -->
        <test-method status="PASS" signature="GoSeeThisHome()[pri:4, instance:recaptcha_test.HomeDetailsPage@72d1ad2e]" name="GoSeeThisHome" duration-ms="26373" started-at="2021-10-01T00:08:58 IST" finished-at="2021-10-01T00:09:24 IST">
          <reporter-output>
          </reporter-output>
        </test-method> <!-- GoSeeThisHome -->
        <test-method status="PASS" signature="launchsite(java.lang.String)[pri:0, instance:recaptcha_test.HomeDetailsPage@72d1ad2e]" name="launchsite" is-config="true" duration-ms="25368" started-at="2021-10-01T00:09:25 IST" finished-at="2021-10-01T00:09:50 IST">
          <params>
            <param index="0">
              <value>
                <![CDATA[bhgre]]>
              </value>
            </param>
          </params>
          <reporter-output>
          </reporter-output>
        </test-method> <!-- launchsite -->
        <test-method status="PASS" signature="TourThisHomeInHD()[pri:5, instance:recaptcha_test.HomeDetailsPage@72d1ad2e]" name="TourThisHomeInHD" duration-ms="26254" started-at="2021-10-01T00:09:50 IST" finished-at="2021-10-01T00:10:17 IST">
          <reporter-output>
          </reporter-output>
        </test-method> <!-- TourThisHomeInHD -->
        <test-method status="PASS" signature="tearDown()[pri:0, instance:recaptcha_test.HomeDetailsPage@72d1ad2e]" name="tearDown" is-config="true" duration-ms="905" started-at="2021-10-01T00:10:17 IST" finished-at="2021-10-01T00:10:18 IST">
          <reporter-output>
          </reporter-output>
        </test-method> <!-- tearDown -->
      </class> <!-- recaptcha_test.HomeDetailsPage -->
    </test> <!-- Test -->
  </suite> <!-- Suite -->
</testng-results>
